#! /usr/bin/vvp
:ivl_version "12.0 (stable)";
:ivl_delay_selection "TYPICAL";
:vpi_time_precision - 12;
:vpi_module "/usr/lib/x86_64-linux-gnu/ivl/system.vpi";
:vpi_module "/usr/lib/x86_64-linux-gnu/ivl/vhdl_sys.vpi";
:vpi_module "/usr/lib/x86_64-linux-gnu/ivl/vhdl_textio.vpi";
:vpi_module "/usr/lib/x86_64-linux-gnu/ivl/v2005_math.vpi";
:vpi_module "/usr/lib/x86_64-linux-gnu/ivl/va_math.vpi";
S_0x6026b397ff20 .scope module, "carry_lookahead_adder_5bit_gates" "carry_lookahead_adder_5bit_gates" 2 1;
 .timescale 0 0;
    .port_info 0 /INPUT 5 "A";
    .port_info 1 /INPUT 5 "B";
    .port_info 2 /INPUT 1 "Cin";
    .port_info 3 /OUTPUT 5 "Sum";
    .port_info 4 /OUTPUT 1 "Cout";
L_0x6026b39aae90 .functor AND 1, L_0x6026b39cd0a0, L_0x6026b39cd190, C4<1>, C4<1>;
L_0x6026b39ab4d0 .functor AND 1, L_0x6026b39cd280, L_0x6026b39cd3c0, C4<1>, C4<1>;
L_0x6026b39cd500 .functor AND 1, L_0x6026b39cd570, L_0x6026b39cd660, C4<1>, C4<1>;
L_0x6026b39cd790 .functor AND 1, L_0x6026b39cd800, L_0x6026b39cd8f0, C4<1>, C4<1>;
L_0x6026b39cdc00 .functor AND 1, L_0x6026b39cdcc0, L_0x6026b39cde10, C4<1>, C4<1>;
L_0x6026b39cdeb0 .functor XOR 1, L_0x6026b39cdf60, L_0x6026b39ce0c0, C4<0>, C4<0>;
L_0x6026b39ce1b0 .functor XOR 1, L_0x6026b39ce220, L_0x6026b39ce390, C4<0>, C4<0>;
L_0x6026b39ce050 .functor XOR 1, L_0x6026b39ce4d0, L_0x6026b39ce650, C4<0>, C4<0>;
L_0x6026b39ce850 .functor XOR 1, L_0x6026b39ce8c0, L_0x6026b39cea50, C4<0>, C4<0>;
L_0x6026b39cedd0 .functor XOR 1, L_0x6026b39ce9b0, L_0x6026b39ceef0, C4<0>, C4<0>;
o0x7a8937aff138 .functor BUFZ 1, C4<z>; HiZ drive
L_0x6026b39cf0a0 .functor AND 1, L_0x6026b39cf110, o0x7a8937aff138, C4<1>, C4<1>;
L_0x6026b39cf250 .functor OR 1, L_0x6026b39cf380, L_0x6026b39cf0a0, C4<0>, C4<0>;
L_0x6026b39cf590 .functor AND 1, L_0x6026b39cf600, L_0x6026b39cf6f0, C4<1>, C4<1>;
L_0x6026b39cf8c0 .functor AND 1, L_0x6026b39cfa00, L_0x6026b39cfaf0, o0x7a8937aff138, C4<1>;
L_0x6026b39cf310 .functor OR 1, L_0x6026b39cfd20, L_0x6026b39cf590, L_0x6026b39cf8c0, C4<0>;
L_0x6026b39cfe10 .functor AND 1, L_0x6026b39cff10, L_0x6026b39d00b0, C4<1>, C4<1>;
L_0x6026b39d01a0 .functor AND 1, L_0x6026b39d0210, L_0x6026b39d0410, L_0x6026b39d0610, C4<1>;
L_0x6026b39d0820 .functor AND 1, L_0x6026b39d0930, L_0x6026b39d0a20, L_0x6026b39d0700, o0x7a8937aff138;
L_0x6026b39d0c40 .functor OR 1, L_0x6026b39d0da0, L_0x6026b39cfe10, L_0x6026b39d01a0, L_0x6026b39d0820;
L_0x6026b39d0fd0 .functor AND 1, L_0x6026b39d0890, L_0x6026b39d1140, C4<1>, C4<1>;
L_0x6026b39d1380 .functor AND 1, L_0x6026b39d13f0, L_0x6026b39d14e0, L_0x6026b39d1730, C4<1>;
L_0x6026b39d1820 .functor AND 1, L_0x6026b39d1950, L_0x6026b39d1bb0, L_0x6026b39d1eb0, L_0x6026b39d2120;
L_0x6026b39d2210/0/0 .functor AND 1, L_0x6026b39d2280, L_0x6026b39d24b0, L_0x6026b39d25a0, L_0x6026b39d2830;
L_0x6026b39d2210/0/4 .functor AND 1, o0x7a8937aff138, C4<1>, C4<1>, C4<1>;
L_0x6026b39d2210 .functor AND 1, L_0x6026b39d2210/0/0, L_0x6026b39d2210/0/4, C4<1>, C4<1>;
L_0x6026b39d2920/0/0 .functor OR 1, L_0x6026b39d2be0, L_0x6026b39d0fd0, L_0x6026b39d1380, L_0x6026b39d1820;
L_0x6026b39d2920/0/4 .functor OR 1, L_0x6026b39d2210, C4<0>, C4<0>, C4<0>;
L_0x6026b39d2920 .functor OR 1, L_0x6026b39d2920/0/0, L_0x6026b39d2920/0/4, C4<0>, C4<0>;
L_0x6026b39d2e80 .functor AND 1, L_0x6026b39d2ef0, L_0x6026b39d2fe0, C4<1>, C4<1>;
L_0x6026b39d3290 .functor AND 1, L_0x6026b39d33e0, L_0x6026b39d34d0, L_0x6026b39d3790, C4<1>;
L_0x6026b39d3880 .functor AND 1, L_0x6026b39d3950, L_0x6026b39d3c20, L_0x6026b39d3d10, L_0x6026b39d3ff0;
L_0x6026b39d40e0/0/0 .functor AND 1, L_0x6026b39d42e0, L_0x6026b39d45d0, L_0x6026b39d46c0, L_0x6026b39d49c0;
L_0x6026b39d40e0/0/4 .functor AND 1, L_0x6026b39d4ab0, C4<1>, C4<1>, C4<1>;
L_0x6026b39d40e0 .functor AND 1, L_0x6026b39d40e0/0/0, L_0x6026b39d40e0/0/4, C4<1>, C4<1>;
L_0x6026b39d4dc0/0/0 .functor AND 1, L_0x6026b39d4ea0, L_0x6026b39d53a0, L_0x6026b39d5670, L_0x6026b39d5760;
L_0x6026b39d4dc0/0/4 .functor AND 1, L_0x6026b39d5a90, o0x7a8937aff138, C4<1>, C4<1>;
L_0x6026b39d4dc0 .functor AND 1, L_0x6026b39d4dc0/0/0, L_0x6026b39d4dc0/0/4, C4<1>, C4<1>;
L_0x6026b39d5b80/0/0 .functor OR 1, L_0x6026b39d5ec0, L_0x6026b39d2e80, L_0x6026b39d3290, L_0x6026b39d3880;
L_0x6026b39d5b80/0/4 .functor OR 1, L_0x6026b39d40e0, L_0x6026b39d4dc0, C4<0>, C4<0>;
L_0x6026b39d5b80 .functor OR 1, L_0x6026b39d5b80/0/0, L_0x6026b39d5b80/0/4, C4<0>, C4<0>;
L_0x6026b39d6200 .functor XOR 1, L_0x6026b39d6270, o0x7a8937aff138, C4<0>, C4<0>;
L_0x6026b39d6360 .functor XOR 1, L_0x6026b39d6530, L_0x6026b39cf250, C4<0>, C4<0>;
L_0x6026b39d6880 .functor XOR 1, L_0x6026b39d6940, L_0x6026b39cf310, C4<0>, C4<0>;
L_0x6026b39d6a30 .functor XOR 1, L_0x6026b39d6c10, L_0x6026b39d0c40, C4<0>, C4<0>;
L_0x6026b39d7190 .functor XOR 1, L_0x6026b39d72a0, L_0x6026b39d2920, C4<0>, C4<0>;
o0x7a8937aff018 .functor BUFZ 5, C4<zzzzz>; HiZ drive
v0x6026b39a7000_0 .net "A", 4 0, o0x7a8937aff018;  0 drivers
o0x7a8937aff048 .functor BUFZ 5, C4<zzzzz>; HiZ drive
v0x6026b39a6420_0 .net "B", 4 0, o0x7a8937aff048;  0 drivers
v0x6026b39a5840_0 .net "C1", 0 0, L_0x6026b39cf250;  1 drivers
v0x6026b39a4c60_0 .net "C2", 0 0, L_0x6026b39cf310;  1 drivers
v0x6026b39a4050_0 .net "C3", 0 0, L_0x6026b39d0c40;  1 drivers
v0x6026b39ab030_0 .net "C4", 0 0, L_0x6026b39d2920;  1 drivers
v0x6026b39ab670_0 .net "Cin", 0 0, o0x7a8937aff138;  0 drivers
v0x6026b39b65d0_0 .net "Cout", 0 0, L_0x6026b39d5b80;  1 drivers
v0x6026b39b6690_0 .net "G", 4 0, L_0x6026b39cda70;  1 drivers
v0x6026b39b6770_0 .net "P", 4 0, L_0x6026b39ceb40;  1 drivers
v0x6026b39b6850_0 .net "Sum", 4 0, L_0x6026b39d6f70;  1 drivers
v0x6026b39b6930_0 .net *"_ivl_0", 0 0, L_0x6026b39aae90;  1 drivers
v0x6026b39b6a10_0 .net *"_ivl_101", 0 0, L_0x6026b39d14e0;  1 drivers
v0x6026b39b6af0_0 .net *"_ivl_103", 0 0, L_0x6026b39d1730;  1 drivers
v0x6026b39b6bd0_0 .net *"_ivl_105", 0 0, L_0x6026b39d1950;  1 drivers
v0x6026b39b6cb0_0 .net *"_ivl_107", 0 0, L_0x6026b39d1bb0;  1 drivers
v0x6026b39b6d90_0 .net *"_ivl_109", 0 0, L_0x6026b39d1eb0;  1 drivers
v0x6026b39b6e70_0 .net *"_ivl_11", 0 0, L_0x6026b39cd3c0;  1 drivers
v0x6026b39b6f50_0 .net *"_ivl_111", 0 0, L_0x6026b39d2120;  1 drivers
v0x6026b39b7030_0 .net *"_ivl_113", 0 0, L_0x6026b39d2280;  1 drivers
v0x6026b39b7110_0 .net *"_ivl_115", 0 0, L_0x6026b39d24b0;  1 drivers
v0x6026b39b71f0_0 .net *"_ivl_117", 0 0, L_0x6026b39d25a0;  1 drivers
v0x6026b39b72d0_0 .net *"_ivl_119", 0 0, L_0x6026b39d2830;  1 drivers
v0x6026b39b73b0_0 .net *"_ivl_12", 0 0, L_0x6026b39cd500;  1 drivers
v0x6026b39b7490_0 .net *"_ivl_121", 0 0, L_0x6026b39d2be0;  1 drivers
v0x6026b39b7570_0 .net *"_ivl_123", 0 0, L_0x6026b39d2ef0;  1 drivers
v0x6026b39b7650_0 .net *"_ivl_125", 0 0, L_0x6026b39d2fe0;  1 drivers
v0x6026b39b7730_0 .net *"_ivl_127", 0 0, L_0x6026b39d33e0;  1 drivers
v0x6026b39b7810_0 .net *"_ivl_129", 0 0, L_0x6026b39d34d0;  1 drivers
v0x6026b39b78f0_0 .net *"_ivl_131", 0 0, L_0x6026b39d3790;  1 drivers
v0x6026b39b79d0_0 .net *"_ivl_133", 0 0, L_0x6026b39d3950;  1 drivers
v0x6026b39b7ab0_0 .net *"_ivl_135", 0 0, L_0x6026b39d3c20;  1 drivers
v0x6026b39b7b90_0 .net *"_ivl_137", 0 0, L_0x6026b39d3d10;  1 drivers
v0x6026b39b7e80_0 .net *"_ivl_139", 0 0, L_0x6026b39d3ff0;  1 drivers
v0x6026b39b7f60_0 .net *"_ivl_141", 0 0, L_0x6026b39d42e0;  1 drivers
v0x6026b39b8040_0 .net *"_ivl_143", 0 0, L_0x6026b39d45d0;  1 drivers
v0x6026b39b8120_0 .net *"_ivl_145", 0 0, L_0x6026b39d46c0;  1 drivers
v0x6026b39b8200_0 .net *"_ivl_147", 0 0, L_0x6026b39d49c0;  1 drivers
v0x6026b39b82e0_0 .net *"_ivl_149", 0 0, L_0x6026b39d4ab0;  1 drivers
v0x6026b39b83c0_0 .net *"_ivl_15", 0 0, L_0x6026b39cd570;  1 drivers
v0x6026b39b84a0_0 .net *"_ivl_151", 0 0, L_0x6026b39d4ea0;  1 drivers
v0x6026b39b8580_0 .net *"_ivl_153", 0 0, L_0x6026b39d53a0;  1 drivers
v0x6026b39b8660_0 .net *"_ivl_155", 0 0, L_0x6026b39d5670;  1 drivers
v0x6026b39b8740_0 .net *"_ivl_157", 0 0, L_0x6026b39d5760;  1 drivers
v0x6026b39b8820_0 .net *"_ivl_159", 0 0, L_0x6026b39d5a90;  1 drivers
v0x6026b39b8900_0 .net *"_ivl_161", 0 0, L_0x6026b39d5ec0;  1 drivers
v0x6026b39b89e0_0 .net *"_ivl_162", 0 0, L_0x6026b39d6200;  1 drivers
v0x6026b39b8ac0_0 .net *"_ivl_165", 0 0, L_0x6026b39d6270;  1 drivers
v0x6026b39b8ba0_0 .net *"_ivl_166", 0 0, L_0x6026b39d6360;  1 drivers
v0x6026b39b8c80_0 .net *"_ivl_169", 0 0, L_0x6026b39d6530;  1 drivers
v0x6026b39b8d60_0 .net *"_ivl_17", 0 0, L_0x6026b39cd660;  1 drivers
v0x6026b39b8e40_0 .net *"_ivl_170", 0 0, L_0x6026b39d6880;  1 drivers
v0x6026b39b8f20_0 .net *"_ivl_173", 0 0, L_0x6026b39d6940;  1 drivers
v0x6026b39b9000_0 .net *"_ivl_174", 0 0, L_0x6026b39d6a30;  1 drivers
v0x6026b39b90e0_0 .net *"_ivl_177", 0 0, L_0x6026b39d6c10;  1 drivers
v0x6026b39b91c0_0 .net *"_ivl_178", 0 0, L_0x6026b39d7190;  1 drivers
v0x6026b39b92a0_0 .net *"_ivl_18", 0 0, L_0x6026b39cd790;  1 drivers
v0x6026b39b9380_0 .net *"_ivl_182", 0 0, L_0x6026b39d72a0;  1 drivers
v0x6026b39b9460_0 .net *"_ivl_21", 0 0, L_0x6026b39cd800;  1 drivers
v0x6026b39b9540_0 .net *"_ivl_23", 0 0, L_0x6026b39cd8f0;  1 drivers
v0x6026b39b9620_0 .net *"_ivl_24", 0 0, L_0x6026b39cdc00;  1 drivers
v0x6026b39b9700_0 .net *"_ivl_28", 0 0, L_0x6026b39cdcc0;  1 drivers
v0x6026b39b97e0_0 .net *"_ivl_3", 0 0, L_0x6026b39cd0a0;  1 drivers
v0x6026b39b98c0_0 .net *"_ivl_30", 0 0, L_0x6026b39cde10;  1 drivers
v0x6026b39b99a0_0 .net *"_ivl_31", 0 0, L_0x6026b39cdeb0;  1 drivers
v0x6026b39b9e90_0 .net *"_ivl_34", 0 0, L_0x6026b39cdf60;  1 drivers
v0x6026b39b9f70_0 .net *"_ivl_36", 0 0, L_0x6026b39ce0c0;  1 drivers
v0x6026b39ba050_0 .net *"_ivl_37", 0 0, L_0x6026b39ce1b0;  1 drivers
v0x6026b39ba130_0 .net *"_ivl_40", 0 0, L_0x6026b39ce220;  1 drivers
v0x6026b39ba210_0 .net *"_ivl_42", 0 0, L_0x6026b39ce390;  1 drivers
v0x6026b39ba2f0_0 .net *"_ivl_43", 0 0, L_0x6026b39ce050;  1 drivers
v0x6026b39ba3d0_0 .net *"_ivl_46", 0 0, L_0x6026b39ce4d0;  1 drivers
v0x6026b39ba4b0_0 .net *"_ivl_48", 0 0, L_0x6026b39ce650;  1 drivers
v0x6026b39ba590_0 .net *"_ivl_49", 0 0, L_0x6026b39ce850;  1 drivers
v0x6026b39ba670_0 .net *"_ivl_5", 0 0, L_0x6026b39cd190;  1 drivers
v0x6026b39ba750_0 .net *"_ivl_52", 0 0, L_0x6026b39ce8c0;  1 drivers
v0x6026b39ba830_0 .net *"_ivl_54", 0 0, L_0x6026b39cea50;  1 drivers
v0x6026b39ba910_0 .net *"_ivl_55", 0 0, L_0x6026b39cedd0;  1 drivers
v0x6026b39ba9f0_0 .net *"_ivl_59", 0 0, L_0x6026b39ce9b0;  1 drivers
v0x6026b39baad0_0 .net *"_ivl_6", 0 0, L_0x6026b39ab4d0;  1 drivers
v0x6026b39babb0_0 .net *"_ivl_61", 0 0, L_0x6026b39ceef0;  1 drivers
v0x6026b39bac90_0 .net *"_ivl_63", 0 0, L_0x6026b39cf110;  1 drivers
v0x6026b39bad70_0 .net *"_ivl_65", 0 0, L_0x6026b39cf380;  1 drivers
v0x6026b39bae50_0 .net *"_ivl_67", 0 0, L_0x6026b39cf600;  1 drivers
v0x6026b39baf30_0 .net *"_ivl_69", 0 0, L_0x6026b39cf6f0;  1 drivers
v0x6026b39bb010_0 .net *"_ivl_71", 0 0, L_0x6026b39cfa00;  1 drivers
v0x6026b39bb0f0_0 .net *"_ivl_73", 0 0, L_0x6026b39cfaf0;  1 drivers
v0x6026b39bb1d0_0 .net *"_ivl_75", 0 0, L_0x6026b39cfd20;  1 drivers
v0x6026b39bb2b0_0 .net *"_ivl_77", 0 0, L_0x6026b39cff10;  1 drivers
v0x6026b39bb390_0 .net *"_ivl_79", 0 0, L_0x6026b39d00b0;  1 drivers
v0x6026b39bb470_0 .net *"_ivl_81", 0 0, L_0x6026b39d0210;  1 drivers
v0x6026b39bb550_0 .net *"_ivl_83", 0 0, L_0x6026b39d0410;  1 drivers
v0x6026b39bb630_0 .net *"_ivl_85", 0 0, L_0x6026b39d0610;  1 drivers
v0x6026b39bb710_0 .net *"_ivl_87", 0 0, L_0x6026b39d0930;  1 drivers
v0x6026b39bb7f0_0 .net *"_ivl_89", 0 0, L_0x6026b39d0a20;  1 drivers
v0x6026b39bb8d0_0 .net *"_ivl_9", 0 0, L_0x6026b39cd280;  1 drivers
v0x6026b39bb9b0_0 .net *"_ivl_91", 0 0, L_0x6026b39d0700;  1 drivers
v0x6026b39bba90_0 .net *"_ivl_93", 0 0, L_0x6026b39d0da0;  1 drivers
v0x6026b39bbb70_0 .net *"_ivl_95", 0 0, L_0x6026b39d0890;  1 drivers
v0x6026b39bbc50_0 .net *"_ivl_97", 0 0, L_0x6026b39d1140;  1 drivers
v0x6026b39bbd30_0 .net *"_ivl_99", 0 0, L_0x6026b39d13f0;  1 drivers
v0x6026b39bbe10_0 .net "term1_c1", 0 0, L_0x6026b39cf0a0;  1 drivers
v0x6026b39bbed0_0 .net "term1_c2", 0 0, L_0x6026b39cf590;  1 drivers
v0x6026b39bbf90_0 .net "term1_c3", 0 0, L_0x6026b39cfe10;  1 drivers
v0x6026b39bc050_0 .net "term1_c4", 0 0, L_0x6026b39d0fd0;  1 drivers
v0x6026b39bc110_0 .net "term1_cout", 0 0, L_0x6026b39d2e80;  1 drivers
v0x6026b39bc1d0_0 .net "term2_c2", 0 0, L_0x6026b39cf8c0;  1 drivers
v0x6026b39bc290_0 .net "term2_c3", 0 0, L_0x6026b39d01a0;  1 drivers
v0x6026b39bc350_0 .net "term2_c4", 0 0, L_0x6026b39d1380;  1 drivers
v0x6026b39bc410_0 .net "term2_cout", 0 0, L_0x6026b39d3290;  1 drivers
v0x6026b39bc4d0_0 .net "term3_c3", 0 0, L_0x6026b39d0820;  1 drivers
v0x6026b39bc590_0 .net "term3_c4", 0 0, L_0x6026b39d1820;  1 drivers
v0x6026b39bc650_0 .net "term3_cout", 0 0, L_0x6026b39d3880;  1 drivers
v0x6026b39bc710_0 .net "term4_c4", 0 0, L_0x6026b39d2210;  1 drivers
v0x6026b39bc7d0_0 .net "term4_cout", 0 0, L_0x6026b39d40e0;  1 drivers
v0x6026b39bc890_0 .net "term5_cout", 0 0, L_0x6026b39d4dc0;  1 drivers
L_0x6026b39cd0a0 .part o0x7a8937aff018, 0, 1;
L_0x6026b39cd190 .part o0x7a8937aff048, 0, 1;
L_0x6026b39cd280 .part o0x7a8937aff018, 1, 1;
L_0x6026b39cd3c0 .part o0x7a8937aff048, 1, 1;
L_0x6026b39cd570 .part o0x7a8937aff018, 2, 1;
L_0x6026b39cd660 .part o0x7a8937aff048, 2, 1;
L_0x6026b39cd800 .part o0x7a8937aff018, 3, 1;
L_0x6026b39cd8f0 .part o0x7a8937aff048, 3, 1;
LS_0x6026b39cda70_0_0 .concat8 [ 1 1 1 1], L_0x6026b39aae90, L_0x6026b39ab4d0, L_0x6026b39cd500, L_0x6026b39cd790;
LS_0x6026b39cda70_0_4 .concat8 [ 1 0 0 0], L_0x6026b39cdc00;
L_0x6026b39cda70 .concat8 [ 4 1 0 0], LS_0x6026b39cda70_0_0, LS_0x6026b39cda70_0_4;
L_0x6026b39cdcc0 .part o0x7a8937aff018, 4, 1;
L_0x6026b39cde10 .part o0x7a8937aff048, 4, 1;
L_0x6026b39cdf60 .part o0x7a8937aff018, 0, 1;
L_0x6026b39ce0c0 .part o0x7a8937aff048, 0, 1;
L_0x6026b39ce220 .part o0x7a8937aff018, 1, 1;
L_0x6026b39ce390 .part o0x7a8937aff048, 1, 1;
L_0x6026b39ce4d0 .part o0x7a8937aff018, 2, 1;
L_0x6026b39ce650 .part o0x7a8937aff048, 2, 1;
L_0x6026b39ce8c0 .part o0x7a8937aff018, 3, 1;
L_0x6026b39cea50 .part o0x7a8937aff048, 3, 1;
LS_0x6026b39ceb40_0_0 .concat8 [ 1 1 1 1], L_0x6026b39cdeb0, L_0x6026b39ce1b0, L_0x6026b39ce050, L_0x6026b39ce850;
LS_0x6026b39ceb40_0_4 .concat8 [ 1 0 0 0], L_0x6026b39cedd0;
L_0x6026b39ceb40 .concat8 [ 4 1 0 0], LS_0x6026b39ceb40_0_0, LS_0x6026b39ceb40_0_4;
L_0x6026b39ce9b0 .part o0x7a8937aff018, 4, 1;
L_0x6026b39ceef0 .part o0x7a8937aff048, 4, 1;
L_0x6026b39cf110 .part L_0x6026b39ceb40, 0, 1;
L_0x6026b39cf380 .part L_0x6026b39cda70, 0, 1;
L_0x6026b39cf600 .part L_0x6026b39ceb40, 1, 1;
L_0x6026b39cf6f0 .part L_0x6026b39cda70, 0, 1;
L_0x6026b39cfa00 .part L_0x6026b39ceb40, 1, 1;
L_0x6026b39cfaf0 .part L_0x6026b39ceb40, 0, 1;
L_0x6026b39cfd20 .part L_0x6026b39cda70, 1, 1;
L_0x6026b39cff10 .part L_0x6026b39ceb40, 2, 1;
L_0x6026b39d00b0 .part L_0x6026b39cda70, 1, 1;
L_0x6026b39d0210 .part L_0x6026b39ceb40, 2, 1;
L_0x6026b39d0410 .part L_0x6026b39ceb40, 1, 1;
L_0x6026b39d0610 .part L_0x6026b39cda70, 0, 1;
L_0x6026b39d0930 .part L_0x6026b39ceb40, 2, 1;
L_0x6026b39d0a20 .part L_0x6026b39ceb40, 1, 1;
L_0x6026b39d0700 .part L_0x6026b39ceb40, 0, 1;
L_0x6026b39d0da0 .part L_0x6026b39cda70, 2, 1;
L_0x6026b39d0890 .part L_0x6026b39ceb40, 3, 1;
L_0x6026b39d1140 .part L_0x6026b39cda70, 2, 1;
L_0x6026b39d13f0 .part L_0x6026b39ceb40, 3, 1;
L_0x6026b39d14e0 .part L_0x6026b39ceb40, 2, 1;
L_0x6026b39d1730 .part L_0x6026b39cda70, 1, 1;
L_0x6026b39d1950 .part L_0x6026b39ceb40, 3, 1;
L_0x6026b39d1bb0 .part L_0x6026b39ceb40, 2, 1;
L_0x6026b39d1eb0 .part L_0x6026b39ceb40, 1, 1;
L_0x6026b39d2120 .part L_0x6026b39cda70, 0, 1;
L_0x6026b39d2280 .part L_0x6026b39ceb40, 3, 1;
L_0x6026b39d24b0 .part L_0x6026b39ceb40, 2, 1;
L_0x6026b39d25a0 .part L_0x6026b39ceb40, 1, 1;
L_0x6026b39d2830 .part L_0x6026b39ceb40, 0, 1;
L_0x6026b39d2be0 .part L_0x6026b39cda70, 3, 1;
L_0x6026b39d2ef0 .part L_0x6026b39ceb40, 4, 1;
L_0x6026b39d2fe0 .part L_0x6026b39cda70, 3, 1;
L_0x6026b39d33e0 .part L_0x6026b39ceb40, 4, 1;
L_0x6026b39d34d0 .part L_0x6026b39ceb40, 3, 1;
L_0x6026b39d3790 .part L_0x6026b39cda70, 2, 1;
L_0x6026b39d3950 .part L_0x6026b39ceb40, 4, 1;
L_0x6026b39d3c20 .part L_0x6026b39ceb40, 3, 1;
L_0x6026b39d3d10 .part L_0x6026b39ceb40, 2, 1;
L_0x6026b39d3ff0 .part L_0x6026b39cda70, 1, 1;
L_0x6026b39d42e0 .part L_0x6026b39ceb40, 4, 1;
L_0x6026b39d45d0 .part L_0x6026b39ceb40, 3, 1;
L_0x6026b39d46c0 .part L_0x6026b39ceb40, 2, 1;
L_0x6026b39d49c0 .part L_0x6026b39ceb40, 1, 1;
L_0x6026b39d4ab0 .part L_0x6026b39cda70, 0, 1;
L_0x6026b39d4ea0 .part L_0x6026b39ceb40, 4, 1;
L_0x6026b39d53a0 .part L_0x6026b39ceb40, 3, 1;
L_0x6026b39d5670 .part L_0x6026b39ceb40, 2, 1;
L_0x6026b39d5760 .part L_0x6026b39ceb40, 1, 1;
L_0x6026b39d5a90 .part L_0x6026b39ceb40, 0, 1;
L_0x6026b39d5ec0 .part L_0x6026b39cda70, 4, 1;
L_0x6026b39d6270 .part L_0x6026b39ceb40, 0, 1;
L_0x6026b39d6530 .part L_0x6026b39ceb40, 1, 1;
L_0x6026b39d6940 .part L_0x6026b39ceb40, 2, 1;
L_0x6026b39d6c10 .part L_0x6026b39ceb40, 3, 1;
LS_0x6026b39d6f70_0_0 .concat8 [ 1 1 1 1], L_0x6026b39d6200, L_0x6026b39d6360, L_0x6026b39d6880, L_0x6026b39d6a30;
LS_0x6026b39d6f70_0_4 .concat8 [ 1 0 0 0], L_0x6026b39d7190;
L_0x6026b39d6f70 .concat8 [ 4 1 0 0], LS_0x6026b39d6f70_0_0, LS_0x6026b39d6f70_0_4;
L_0x6026b39d72a0 .part L_0x6026b39ceb40, 4, 1;
S_0x6026b39a3ca0 .scope module, "tb_carry_lookahead_adder_5bit_modular" "tb_carry_lookahead_adder_5bit_modular" 3 108;
 .timescale -9 -12;
v0x6026b39ccc00_0 .var "A", 4 0;
v0x6026b39ccce0_0 .var "B", 4 0;
v0x6026b39ccd80_0 .var "Cin", 0 0;
v0x6026b39cce20_0 .net "Cout", 0 0, L_0x6026b39e0b50;  1 drivers
v0x6026b39ccf10_0 .net "Sum", 4 0, L_0x6026b39e1bf0;  1 drivers
v0x6026b39cd000_0 .var "clk", 0 0;
E_0x6026b3936350 .event posedge, v0x6026b39cd000_0;
S_0x6026b39bca30 .scope module, "uut" "carry_lookahead_adder_5bit_modular" 3 116, 3 47 0, S_0x6026b39a3ca0;
 .timescale -9 -12;
    .port_info 0 /INPUT 5 "A";
    .port_info 1 /INPUT 5 "B";
    .port_info 2 /INPUT 1 "Cin";
    .port_info 3 /OUTPUT 5 "Sum";
    .port_info 4 /OUTPUT 1 "Cout";
v0x6026b39cb370_0 .net "A", 4 0, v0x6026b39ccc00_0;  1 drivers
v0x6026b39cb450_0 .net "B", 4 0, v0x6026b39ccce0_0;  1 drivers
v0x6026b39cb530_0 .net "C1", 0 0, L_0x6026b39d96a0;  1 drivers
v0x6026b39cb650_0 .net "C2", 0 0, L_0x6026b39da020;  1 drivers
v0x6026b39cb740_0 .net "C3", 0 0, L_0x6026b39db1e0;  1 drivers
v0x6026b39cb880_0 .net "C4", 0 0, L_0x6026b39dd270;  1 drivers
v0x6026b39cb970_0 .net "Cin", 0 0, v0x6026b39ccd80_0;  1 drivers
v0x6026b39cba10_0 .net "Cout", 0 0, L_0x6026b39e0b50;  alias, 1 drivers
v0x6026b39cbab0_0 .net "G", 4 0, L_0x6026b39d8290;  1 drivers
v0x6026b39cbbe0_0 .net "P", 4 0, L_0x6026b39d91c0;  1 drivers
v0x6026b39cbcc0_0 .net "Sum", 4 0, L_0x6026b39e1bf0;  alias, 1 drivers
v0x6026b39cbda0_0 .net "term1_c2", 0 0, L_0x6026b39d98d0;  1 drivers
v0x6026b39cbe40_0 .net "term1_c3", 0 0, L_0x6026b39da130;  1 drivers
v0x6026b39cbf30_0 .net "term1_c4", 0 0, L_0x6026b39db4c0;  1 drivers
v0x6026b39cc020_0 .net "term1_cout", 0 0, L_0x6026b39dd5c0;  1 drivers
v0x6026b39cc110_0 .net "term2_c2", 0 0, L_0x6026b39d9c70;  1 drivers
v0x6026b39cc200_0 .net "term2_c3", 0 0, L_0x6026b39da4a0;  1 drivers
v0x6026b39cc2f0_0 .net "term2_c4", 0 0, L_0x6026b39db8d0;  1 drivers
v0x6026b39cc3e0_0 .net "term2_cout", 0 0, L_0x6026b39dda40;  1 drivers
v0x6026b39cc4d0_0 .net "term3_c3", 0 0, L_0x6026b39daca0;  1 drivers
v0x6026b39cc5c0_0 .net "term3_c4", 0 0, L_0x6026b39dbef0;  1 drivers
v0x6026b39cc6b0_0 .net "term3_cout", 0 0, L_0x6026b39de0d0;  1 drivers
v0x6026b39cc7a0_0 .net "term4_c4", 0 0, L_0x6026b39dc850;  1 drivers
v0x6026b39cc890_0 .net "term4_cout", 0 0, L_0x6026b39deb10;  1 drivers
v0x6026b39cc980_0 .net "term5_cout", 0 0, L_0x6026b39df960;  1 drivers
v0x6026b39cca70_0 .net "term_c1", 0 0, L_0x6026b39d94f0;  1 drivers
L_0x6026b39d7680 .part v0x6026b39ccc00_0, 0, 1;
L_0x6026b39d77c0 .part v0x6026b39ccce0_0, 0, 1;
L_0x6026b39d7970 .part v0x6026b39ccc00_0, 1, 1;
L_0x6026b39d7a60 .part v0x6026b39ccce0_0, 1, 1;
L_0x6026b39d7bc0 .part v0x6026b39ccc00_0, 2, 1;
L_0x6026b39d7cb0 .part v0x6026b39ccce0_0, 2, 1;
L_0x6026b39d7e00 .part v0x6026b39ccc00_0, 3, 1;
L_0x6026b39d7ea0 .part v0x6026b39ccce0_0, 3, 1;
L_0x6026b39d8050 .part v0x6026b39ccc00_0, 4, 1;
L_0x6026b39d8140 .part v0x6026b39ccce0_0, 4, 1;
LS_0x6026b39d8290_0_0 .concat8 [ 1 1 1 1], L_0x6026b39d7610, L_0x6026b39d7900, L_0x6026b39d7b50, L_0x6026b39d7d90;
LS_0x6026b39d8290_0_4 .concat8 [ 1 0 0 0], L_0x6026b39d7fe0;
L_0x6026b39d8290 .concat8 [ 4 1 0 0], LS_0x6026b39d8290_0_0, LS_0x6026b39d8290_0_4;
L_0x6026b39d84e0 .part v0x6026b39ccc00_0, 0, 1;
L_0x6026b39d8640 .part v0x6026b39ccce0_0, 0, 1;
L_0x6026b39d87a0 .part v0x6026b39ccc00_0, 1, 1;
L_0x6026b39d8910 .part v0x6026b39ccce0_0, 1, 1;
L_0x6026b39d8a00 .part v0x6026b39ccc00_0, 2, 1;
L_0x6026b39d8b80 .part v0x6026b39ccce0_0, 2, 1;
L_0x6026b39d8ce0 .part v0x6026b39ccc00_0, 3, 1;
L_0x6026b39d8e70 .part v0x6026b39ccce0_0, 3, 1;
L_0x6026b39d8fd0 .part v0x6026b39ccc00_0, 4, 1;
L_0x6026b39d8dd0 .part v0x6026b39ccce0_0, 4, 1;
LS_0x6026b39d91c0_0_0 .concat8 [ 1 1 1 1], L_0x6026b39d8470, L_0x6026b39d8730, L_0x6026b39d85d0, L_0x6026b39d8c70;
LS_0x6026b39d91c0_0_4 .concat8 [ 1 0 0 0], L_0x6026b39d8f60;
L_0x6026b39d91c0 .concat8 [ 4 1 0 0], LS_0x6026b39d91c0_0_0, LS_0x6026b39d91c0_0_4;
L_0x6026b39d9560 .part L_0x6026b39d91c0, 0, 1;
L_0x6026b39d9710 .part L_0x6026b39d8290, 0, 1;
L_0x6026b39d9940 .part L_0x6026b39d91c0, 1, 1;
L_0x6026b39d9a30 .part L_0x6026b39d8290, 0, 1;
L_0x6026b39d9d30 .part L_0x6026b39d91c0, 1, 1;
L_0x6026b39d9e20 .part L_0x6026b39d91c0, 0, 1;
L_0x6026b39da090 .part L_0x6026b39d8290, 1, 1;
L_0x6026b39da1a0 .part L_0x6026b39d91c0, 2, 1;
L_0x6026b39da340 .part L_0x6026b39d8290, 1, 1;
L_0x6026b39da560 .part L_0x6026b39d91c0, 2, 1;
L_0x6026b39da760 .part L_0x6026b39d91c0, 1, 1;
L_0x6026b39da960 .part L_0x6026b39d8290, 0, 1;
L_0x6026b39dad60 .part L_0x6026b39d91c0, 2, 1;
L_0x6026b39dae50 .part L_0x6026b39d91c0, 1, 1;
L_0x6026b39daa50 .part L_0x6026b39d91c0, 0, 1;
L_0x6026b39db2e0 .part L_0x6026b39d8290, 2, 1;
L_0x6026b39db530 .part L_0x6026b39d91c0, 3, 1;
L_0x6026b39db620 .part L_0x6026b39d8290, 2, 1;
L_0x6026b39db990 .part L_0x6026b39d91c0, 3, 1;
L_0x6026b39dba80 .part L_0x6026b39d91c0, 2, 1;
L_0x6026b39dbcd0 .part L_0x6026b39d8290, 1, 1;
L_0x6026b39dbfb0 .part L_0x6026b39d91c0, 3, 1;
L_0x6026b39dc210 .part L_0x6026b39d91c0, 2, 1;
L_0x6026b39dc300 .part L_0x6026b39d91c0, 1, 1;
L_0x6026b39dc570 .part L_0x6026b39d8290, 0, 1;
L_0x6026b39dc910 .part L_0x6026b39d91c0, 3, 1;
L_0x6026b39dcb90 .part L_0x6026b39d91c0, 2, 1;
L_0x6026b39dcc80 .part L_0x6026b39d91c0, 1, 1;
L_0x6026b39dcf10 .part L_0x6026b39d91c0, 0, 1;
L_0x6026b39dd370 .part L_0x6026b39d8290, 3, 1;
L_0x6026b39dd630 .part L_0x6026b39d91c0, 4, 1;
L_0x6026b39dd720 .part L_0x6026b39d8290, 3, 1;
L_0x6026b39ddb00 .part L_0x6026b39d91c0, 4, 1;
L_0x6026b39ddbf0 .part L_0x6026b39d91c0, 3, 1;
L_0x6026b39ddeb0 .part L_0x6026b39d8290, 2, 1;
L_0x6026b39de190 .part L_0x6026b39d91c0, 4, 1;
L_0x6026b39de460 .part L_0x6026b39d91c0, 3, 1;
L_0x6026b39de550 .part L_0x6026b39d91c0, 2, 1;
L_0x6026b39de830 .part L_0x6026b39d8290, 1, 1;
L_0x6026b39debd0 .part L_0x6026b39d91c0, 4, 1;
L_0x6026b39deec0 .part L_0x6026b39d91c0, 3, 1;
L_0x6026b39defb0 .part L_0x6026b39d91c0, 2, 1;
L_0x6026b39df2b0 .part L_0x6026b39d91c0, 1, 1;
L_0x6026b39df3a0 .part L_0x6026b39d8290, 0, 1;
L_0x6026b39dfa20 .part L_0x6026b39d91c0, 4, 1;
L_0x6026b39dff20 .part L_0x6026b39d91c0, 3, 1;
L_0x6026b39e0240 .part L_0x6026b39d91c0, 2, 1;
L_0x6026b39e0330 .part L_0x6026b39d91c0, 1, 1;
L_0x6026b39e0660 .part L_0x6026b39d91c0, 0, 1;
L_0x6026b39e0c50 .part L_0x6026b39d8290, 4, 1;
L_0x6026b39e0fb0 .part L_0x6026b39d91c0, 0, 1;
L_0x6026b39e11a0 .part L_0x6026b39d91c0, 1, 1;
L_0x6026b39e15a0 .part L_0x6026b39d91c0, 2, 1;
L_0x6026b39e1740 .part L_0x6026b39d91c0, 3, 1;
L_0x6026b39e1b50 .part L_0x6026b39d91c0, 4, 1;
LS_0x6026b39e1bf0_0_0 .concat8 [ 1 1 1 1], L_0x6026b39e0f40, L_0x6026b39e10a0, L_0x6026b39e14a0, L_0x6026b39e1640;
LS_0x6026b39e1bf0_0_4 .concat8 [ 1 0 0 0], L_0x6026b39e1a50;
L_0x6026b39e1bf0 .concat8 [ 4 1 0 0], LS_0x6026b39e1bf0_0_0, LS_0x6026b39e1bf0_0_4;
S_0x6026b39bcbe0 .scope module, "and1_c2" "and2" 3 78, 3 3 0, S_0x6026b39bca30;
 .timescale -9 -12;
    .port_info 0 /INPUT 1 "a";
    .port_info 1 /INPUT 1 "b";
    .port_info 2 /OUTPUT 1 "y";
L_0x6026b39d98d0 .functor AND 1, L_0x6026b39d9940, L_0x6026b39d9a30, C4<1>, C4<1>;
v0x6026b39bce50_0 .net "a", 0 0, L_0x6026b39d9940;  1 drivers
v0x6026b39bcf30_0 .net "b", 0 0, L_0x6026b39d9a30;  1 drivers
v0x6026b39bcff0_0 .net "y", 0 0, L_0x6026b39d98d0;  alias, 1 drivers
S_0x6026b39bd110 .scope module, "and1_c3" "and2" 3 82, 3 3 0, S_0x6026b39bca30;
 .timescale -9 -12;
    .port_info 0 /INPUT 1 "a";
    .port_info 1 /INPUT 1 "b";
    .port_info 2 /OUTPUT 1 "y";
L_0x6026b39da130 .functor AND 1, L_0x6026b39da1a0, L_0x6026b39da340, C4<1>, C4<1>;
v0x6026b39bd340_0 .net "a", 0 0, L_0x6026b39da1a0;  1 drivers
v0x6026b39bd420_0 .net "b", 0 0, L_0x6026b39da340;  1 drivers
v0x6026b39bd4e0_0 .net "y", 0 0, L_0x6026b39da130;  alias, 1 drivers
S_0x6026b39bd600 .scope module, "and1_c4" "and2" 3 87, 3 3 0, S_0x6026b39bca30;
 .timescale -9 -12;
    .port_info 0 /INPUT 1 "a";
    .port_info 1 /INPUT 1 "b";
    .port_info 2 /OUTPUT 1 "y";
L_0x6026b39db4c0 .functor AND 1, L_0x6026b39db530, L_0x6026b39db620, C4<1>, C4<1>;
v0x6026b39bd830_0 .net "a", 0 0, L_0x6026b39db530;  1 drivers
v0x6026b39bd8f0_0 .net "b", 0 0, L_0x6026b39db620;  1 drivers
v0x6026b39bd9b0_0 .net "y", 0 0, L_0x6026b39db4c0;  alias, 1 drivers
S_0x6026b39bdb00 .scope module, "and1_cout" "and2" 3 93, 3 3 0, S_0x6026b39bca30;
 .timescale -9 -12;
    .port_info 0 /INPUT 1 "a";
    .port_info 1 /INPUT 1 "b";
    .port_info 2 /OUTPUT 1 "y";
L_0x6026b39dd5c0 .functor AND 1, L_0x6026b39dd630, L_0x6026b39dd720, C4<1>, C4<1>;
v0x6026b39bdd30_0 .net "a", 0 0, L_0x6026b39dd630;  1 drivers
v0x6026b39bde10_0 .net "b", 0 0, L_0x6026b39dd720;  1 drivers
v0x6026b39bded0_0 .net "y", 0 0, L_0x6026b39dd5c0;  alias, 1 drivers
S_0x6026b39be020 .scope module, "and2_c2" "and3" 3 79, 3 7 0, S_0x6026b39bca30;
 .timescale -9 -12;
    .port_info 0 /INPUT 1 "a";
    .port_info 1 /INPUT 1 "b";
    .port_info 2 /INPUT 1 "c";
    .port_info 3 /OUTPUT 1 "y";
L_0x6026b39d9c00 .functor AND 1, L_0x6026b39d9d30, L_0x6026b39d9e20, C4<1>, C4<1>;
L_0x6026b39d9c70 .functor AND 1, L_0x6026b39d9c00, v0x6026b39ccd80_0, C4<1>, C4<1>;
v0x6026b39be250_0 .net *"_ivl_0", 0 0, L_0x6026b39d9c00;  1 drivers
v0x6026b39be330_0 .net "a", 0 0, L_0x6026b39d9d30;  1 drivers
v0x6026b39be3f0_0 .net "b", 0 0, L_0x6026b39d9e20;  1 drivers
v0x6026b39be4c0_0 .net "c", 0 0, v0x6026b39ccd80_0;  alias, 1 drivers
v0x6026b39be580_0 .net "y", 0 0, L_0x6026b39d9c70;  alias, 1 drivers
S_0x6026b39be710 .scope module, "and2_c3" "and3" 3 83, 3 7 0, S_0x6026b39bca30;
 .timescale -9 -12;
    .port_info 0 /INPUT 1 "a";
    .port_info 1 /INPUT 1 "b";
    .port_info 2 /INPUT 1 "c";
    .port_info 3 /OUTPUT 1 "y";
L_0x6026b39da430 .functor AND 1, L_0x6026b39da560, L_0x6026b39da760, C4<1>, C4<1>;
L_0x6026b39da4a0 .functor AND 1, L_0x6026b39da430, L_0x6026b39da960, C4<1>, C4<1>;
v0x6026b39be8f0_0 .net *"_ivl_0", 0 0, L_0x6026b39da430;  1 drivers
v0x6026b39be9f0_0 .net "a", 0 0, L_0x6026b39da560;  1 drivers
v0x6026b39beab0_0 .net "b", 0 0, L_0x6026b39da760;  1 drivers
v0x6026b39beb80_0 .net "c", 0 0, L_0x6026b39da960;  1 drivers
v0x6026b39bec40_0 .net "y", 0 0, L_0x6026b39da4a0;  alias, 1 drivers
S_0x6026b39bedd0 .scope module, "and2_c4" "and3" 3 88, 3 7 0, S_0x6026b39bca30;
 .timescale -9 -12;
    .port_info 0 /INPUT 1 "a";
    .port_info 1 /INPUT 1 "b";
    .port_info 2 /INPUT 1 "c";
    .port_info 3 /OUTPUT 1 "y";
L_0x6026b39db860 .functor AND 1, L_0x6026b39db990, L_0x6026b39dba80, C4<1>, C4<1>;
L_0x6026b39db8d0 .functor AND 1, L_0x6026b39db860, L_0x6026b39dbcd0, C4<1>, C4<1>;
v0x6026b39befb0_0 .net *"_ivl_0", 0 0, L_0x6026b39db860;  1 drivers
v0x6026b39bf0b0_0 .net "a", 0 0, L_0x6026b39db990;  1 drivers
v0x6026b39bf170_0 .net "b", 0 0, L_0x6026b39dba80;  1 drivers
v0x6026b39bf240_0 .net "c", 0 0, L_0x6026b39dbcd0;  1 drivers
v0x6026b39bf300_0 .net "y", 0 0, L_0x6026b39db8d0;  alias, 1 drivers
S_0x6026b39bf490 .scope module, "and2_cout" "and3" 3 94, 3 7 0, S_0x6026b39bca30;
 .timescale -9 -12;
    .port_info 0 /INPUT 1 "a";
    .port_info 1 /INPUT 1 "b";
    .port_info 2 /INPUT 1 "c";
    .port_info 3 /OUTPUT 1 "y";
L_0x6026b39dd9d0 .functor AND 1, L_0x6026b39ddb00, L_0x6026b39ddbf0, C4<1>, C4<1>;
L_0x6026b39dda40 .functor AND 1, L_0x6026b39dd9d0, L_0x6026b39ddeb0, C4<1>, C4<1>;
v0x6026b39bf670_0 .net *"_ivl_0", 0 0, L_0x6026b39dd9d0;  1 drivers
v0x6026b39bf770_0 .net "a", 0 0, L_0x6026b39ddb00;  1 drivers
v0x6026b39bf830_0 .net "b", 0 0, L_0x6026b39ddbf0;  1 drivers
v0x6026b39bf900_0 .net "c", 0 0, L_0x6026b39ddeb0;  1 drivers
v0x6026b39bf9c0_0 .net "y", 0 0, L_0x6026b39dda40;  alias, 1 drivers
S_0x6026b39bfb50 .scope module, "and3_c3" "and4" 3 84, 3 11 0, S_0x6026b39bca30;
 .timescale -9 -12;
    .port_info 0 /INPUT 1 "a";
    .port_info 1 /INPUT 1 "b";
    .port_info 2 /INPUT 1 "c";
    .port_info 3 /INPUT 1 "d";
    .port_info 4 /OUTPUT 1 "y";
L_0x6026b39dab70 .functor AND 1, L_0x6026b39dad60, L_0x6026b39dae50, C4<1>, C4<1>;
L_0x6026b39dabe0 .functor AND 1, L_0x6026b39dab70, L_0x6026b39daa50, C4<1>, C4<1>;
L_0x6026b39daca0 .functor AND 1, L_0x6026b39dabe0, v0x6026b39ccd80_0, C4<1>, C4<1>;
v0x6026b39bfd30_0 .net *"_ivl_0", 0 0, L_0x6026b39dab70;  1 drivers
v0x6026b39bfe30_0 .net *"_ivl_2", 0 0, L_0x6026b39dabe0;  1 drivers
v0x6026b39bff10_0 .net "a", 0 0, L_0x6026b39dad60;  1 drivers
v0x6026b39bffe0_0 .net "b", 0 0, L_0x6026b39dae50;  1 drivers
v0x6026b39c00a0_0 .net "c", 0 0, L_0x6026b39daa50;  1 drivers
v0x6026b39c0160_0 .net "d", 0 0, v0x6026b39ccd80_0;  alias, 1 drivers
v0x6026b39c0200_0 .net "y", 0 0, L_0x6026b39daca0;  alias, 1 drivers
S_0x6026b39c0370 .scope module, "and3_c4" "and4" 3 89, 3 11 0, S_0x6026b39bca30;
 .timescale -9 -12;
    .port_info 0 /INPUT 1 "a";
    .port_info 1 /INPUT 1 "b";
    .port_info 2 /INPUT 1 "c";
    .port_info 3 /INPUT 1 "d";
    .port_info 4 /OUTPUT 1 "y";
L_0x6026b39dbdc0 .functor AND 1, L_0x6026b39dbfb0, L_0x6026b39dc210, C4<1>, C4<1>;
L_0x6026b39dbe30 .functor AND 1, L_0x6026b39dbdc0, L_0x6026b39dc300, C4<1>, C4<1>;
L_0x6026b39dbef0 .functor AND 1, L_0x6026b39dbe30, L_0x6026b39dc570, C4<1>, C4<1>;
v0x6026b39c0550_0 .net *"_ivl_0", 0 0, L_0x6026b39dbdc0;  1 drivers
v0x6026b39c0650_0 .net *"_ivl_2", 0 0, L_0x6026b39dbe30;  1 drivers
v0x6026b39c0730_0 .net "a", 0 0, L_0x6026b39dbfb0;  1 drivers
v0x6026b39c0800_0 .net "b", 0 0, L_0x6026b39dc210;  1 drivers
v0x6026b39c08c0_0 .net "c", 0 0, L_0x6026b39dc300;  1 drivers
v0x6026b39c09d0_0 .net "d", 0 0, L_0x6026b39dc570;  1 drivers
v0x6026b39c0a90_0 .net "y", 0 0, L_0x6026b39dbef0;  alias, 1 drivers
S_0x6026b39c0bf0 .scope module, "and3_cout" "and4" 3 95, 3 11 0, S_0x6026b39bca30;
 .timescale -9 -12;
    .port_info 0 /INPUT 1 "a";
    .port_info 1 /INPUT 1 "b";
    .port_info 2 /INPUT 1 "c";
    .port_info 3 /INPUT 1 "d";
    .port_info 4 /OUTPUT 1 "y";
L_0x6026b39ddfa0 .functor AND 1, L_0x6026b39de190, L_0x6026b39de460, C4<1>, C4<1>;
L_0x6026b39de010 .functor AND 1, L_0x6026b39ddfa0, L_0x6026b39de550, C4<1>, C4<1>;
L_0x6026b39de0d0 .functor AND 1, L_0x6026b39de010, L_0x6026b39de830, C4<1>, C4<1>;
v0x6026b39c0dd0_0 .net *"_ivl_0", 0 0, L_0x6026b39ddfa0;  1 drivers
v0x6026b39c0ed0_0 .net *"_ivl_2", 0 0, L_0x6026b39de010;  1 drivers
v0x6026b39c0fb0_0 .net "a", 0 0, L_0x6026b39de190;  1 drivers
v0x6026b39c1080_0 .net "b", 0 0, L_0x6026b39de460;  1 drivers
v0x6026b39c1140_0 .net "c", 0 0, L_0x6026b39de550;  1 drivers
v0x6026b39c1250_0 .net "d", 0 0, L_0x6026b39de830;  1 drivers
v0x6026b39c1310_0 .net "y", 0 0, L_0x6026b39de0d0;  alias, 1 drivers
S_0x6026b39c1470 .scope module, "and4_c4" "and5" 3 90, 3 15 0, S_0x6026b39bca30;
 .timescale -9 -12;
    .port_info 0 /INPUT 1 "a";
    .port_info 1 /INPUT 1 "b";
    .port_info 2 /INPUT 1 "c";
    .port_info 3 /INPUT 1 "d";
    .port_info 4 /INPUT 1 "e";
    .port_info 5 /OUTPUT 1 "y";
L_0x6026b39dc660 .functor AND 1, L_0x6026b39dc910, L_0x6026b39dcb90, C4<1>, C4<1>;
L_0x6026b39dc6d0 .functor AND 1, L_0x6026b39dc660, L_0x6026b39dcc80, C4<1>, C4<1>;
L_0x6026b39dc790 .functor AND 1, L_0x6026b39dc6d0, L_0x6026b39dcf10, C4<1>, C4<1>;
L_0x6026b39dc850 .functor AND 1, L_0x6026b39dc790, v0x6026b39ccd80_0, C4<1>, C4<1>;
v0x6026b39c16f0_0 .net *"_ivl_0", 0 0, L_0x6026b39dc660;  1 drivers
v0x6026b39c17f0_0 .net *"_ivl_2", 0 0, L_0x6026b39dc6d0;  1 drivers
v0x6026b39c18d0_0 .net *"_ivl_4", 0 0, L_0x6026b39dc790;  1 drivers
v0x6026b39c1990_0 .net "a", 0 0, L_0x6026b39dc910;  1 drivers
v0x6026b39c1a50_0 .net "b", 0 0, L_0x6026b39dcb90;  1 drivers
v0x6026b39c1b60_0 .net "c", 0 0, L_0x6026b39dcc80;  1 drivers
v0x6026b39c1c20_0 .net "d", 0 0, L_0x6026b39dcf10;  1 drivers
v0x6026b39c1ce0_0 .net "e", 0 0, v0x6026b39ccd80_0;  alias, 1 drivers
v0x6026b39c1dd0_0 .net "y", 0 0, L_0x6026b39dc850;  alias, 1 drivers
S_0x6026b39c1fe0 .scope module, "and4_cout" "and5" 3 96, 3 15 0, S_0x6026b39bca30;
 .timescale -9 -12;
    .port_info 0 /INPUT 1 "a";
    .port_info 1 /INPUT 1 "b";
    .port_info 2 /INPUT 1 "c";
    .port_info 3 /INPUT 1 "d";
    .port_info 4 /INPUT 1 "e";
    .port_info 5 /OUTPUT 1 "y";
L_0x6026b39de920 .functor AND 1, L_0x6026b39debd0, L_0x6026b39deec0, C4<1>, C4<1>;
L_0x6026b39de990 .functor AND 1, L_0x6026b39de920, L_0x6026b39defb0, C4<1>, C4<1>;
L_0x6026b39dea50 .functor AND 1, L_0x6026b39de990, L_0x6026b39df2b0, C4<1>, C4<1>;
L_0x6026b39deb10 .functor AND 1, L_0x6026b39dea50, L_0x6026b39df3a0, C4<1>, C4<1>;
v0x6026b39c2210_0 .net *"_ivl_0", 0 0, L_0x6026b39de920;  1 drivers
v0x6026b39c2310_0 .net *"_ivl_2", 0 0, L_0x6026b39de990;  1 drivers
v0x6026b39c23f0_0 .net *"_ivl_4", 0 0, L_0x6026b39dea50;  1 drivers
v0x6026b39c24b0_0 .net "a", 0 0, L_0x6026b39debd0;  1 drivers
v0x6026b39c2570_0 .net "b", 0 0, L_0x6026b39deec0;  1 drivers
v0x6026b39c2680_0 .net "c", 0 0, L_0x6026b39defb0;  1 drivers
v0x6026b39c2740_0 .net "d", 0 0, L_0x6026b39df2b0;  1 drivers
v0x6026b39c2800_0 .net "e", 0 0, L_0x6026b39df3a0;  1 drivers
v0x6026b39c28c0_0 .net "y", 0 0, L_0x6026b39deb10;  alias, 1 drivers
S_0x6026b39c2ad0 .scope module, "and5_cout" "and6" 3 97, 3 19 0, S_0x6026b39bca30;
 .timescale -9 -12;
    .port_info 0 /INPUT 1 "a";
    .port_info 1 /INPUT 1 "b";
    .port_info 2 /INPUT 1 "c";
    .port_info 3 /INPUT 1 "d";
    .port_info 4 /INPUT 1 "e";
    .port_info 5 /INPUT 1 "f";
    .port_info 6 /OUTPUT 1 "y";
L_0x6026b39df6b0 .functor AND 1, L_0x6026b39dfa20, L_0x6026b39dff20, C4<1>, C4<1>;
L_0x6026b39df720 .functor AND 1, L_0x6026b39df6b0, L_0x6026b39e0240, C4<1>, C4<1>;
L_0x6026b39df7e0 .functor AND 1, L_0x6026b39df720, L_0x6026b39e0330, C4<1>, C4<1>;
L_0x6026b39df8a0 .functor AND 1, L_0x6026b39df7e0, L_0x6026b39e0660, C4<1>, C4<1>;
L_0x6026b39df960 .functor AND 1, L_0x6026b39df8a0, v0x6026b39ccd80_0, C4<1>, C4<1>;
v0x6026b39c2d10_0 .net *"_ivl_0", 0 0, L_0x6026b39df6b0;  1 drivers
v0x6026b39c2e10_0 .net *"_ivl_2", 0 0, L_0x6026b39df720;  1 drivers
v0x6026b39c2ef0_0 .net *"_ivl_4", 0 0, L_0x6026b39df7e0;  1 drivers
v0x6026b39c2fb0_0 .net *"_ivl_6", 0 0, L_0x6026b39df8a0;  1 drivers
v0x6026b39c3090_0 .net "a", 0 0, L_0x6026b39dfa20;  1 drivers
v0x6026b39c31a0_0 .net "b", 0 0, L_0x6026b39dff20;  1 drivers
v0x6026b39c3260_0 .net "c", 0 0, L_0x6026b39e0240;  1 drivers
v0x6026b39c3320_0 .net "d", 0 0, L_0x6026b39e0330;  1 drivers
v0x6026b39c33e0_0 .net "e", 0 0, L_0x6026b39e0660;  1 drivers
v0x6026b39c3530_0 .net "f", 0 0, v0x6026b39ccd80_0;  alias, 1 drivers
v0x6026b39c35d0_0 .net "y", 0 0, L_0x6026b39df960;  alias, 1 drivers
S_0x6026b39c3770 .scope module, "and_c1" "and2" 3 75, 3 3 0, S_0x6026b39bca30;
 .timescale -9 -12;
    .port_info 0 /INPUT 1 "a";
    .port_info 1 /INPUT 1 "b";
    .port_info 2 /OUTPUT 1 "y";
L_0x6026b39d94f0 .functor AND 1, L_0x6026b39d9560, v0x6026b39ccd80_0, C4<1>, C4<1>;
v0x6026b39c3970_0 .net "a", 0 0, L_0x6026b39d9560;  1 drivers
v0x6026b39c3a50_0 .net "b", 0 0, v0x6026b39ccd80_0;  alias, 1 drivers
v0x6026b39c3ba0_0 .net "y", 0 0, L_0x6026b39d94f0;  alias, 1 drivers
S_0x6026b39c3ca0 .scope module, "g0" "and2" 3 58, 3 3 0, S_0x6026b39bca30;
 .timescale -9 -12;
    .port_info 0 /INPUT 1 "a";
    .port_info 1 /INPUT 1 "b";
    .port_info 2 /OUTPUT 1 "y";
L_0x6026b39d7610 .functor AND 1, L_0x6026b39d7680, L_0x6026b39d77c0, C4<1>, C4<1>;
v0x6026b39c3e80_0 .net "a", 0 0, L_0x6026b39d7680;  1 drivers
v0x6026b39c3f60_0 .net "b", 0 0, L_0x6026b39d77c0;  1 drivers
v0x6026b39c4020_0 .net "y", 0 0, L_0x6026b39d7610;  1 drivers
S_0x6026b39c4140 .scope module, "g1" "and2" 3 59, 3 3 0, S_0x6026b39bca30;
 .timescale -9 -12;
    .port_info 0 /INPUT 1 "a";
    .port_info 1 /INPUT 1 "b";
    .port_info 2 /OUTPUT 1 "y";
L_0x6026b39d7900 .functor AND 1, L_0x6026b39d7970, L_0x6026b39d7a60, C4<1>, C4<1>;
v0x6026b39c4370_0 .net "a", 0 0, L_0x6026b39d7970;  1 drivers
v0x6026b39c4450_0 .net "b", 0 0, L_0x6026b39d7a60;  1 drivers
v0x6026b39c4510_0 .net "y", 0 0, L_0x6026b39d7900;  1 drivers
S_0x6026b39c4660 .scope module, "g2" "and2" 3 60, 3 3 0, S_0x6026b39bca30;
 .timescale -9 -12;
    .port_info 0 /INPUT 1 "a";
    .port_info 1 /INPUT 1 "b";
    .port_info 2 /OUTPUT 1 "y";
L_0x6026b39d7b50 .functor AND 1, L_0x6026b39d7bc0, L_0x6026b39d7cb0, C4<1>, C4<1>;
v0x6026b39c4890_0 .net "a", 0 0, L_0x6026b39d7bc0;  1 drivers
v0x6026b39c4970_0 .net "b", 0 0, L_0x6026b39d7cb0;  1 drivers
v0x6026b39c4a30_0 .net "y", 0 0, L_0x6026b39d7b50;  1 drivers
S_0x6026b39c4b80 .scope module, "g3" "and2" 3 61, 3 3 0, S_0x6026b39bca30;
 .timescale -9 -12;
    .port_info 0 /INPUT 1 "a";
    .port_info 1 /INPUT 1 "b";
    .port_info 2 /OUTPUT 1 "y";
L_0x6026b39d7d90 .functor AND 1, L_0x6026b39d7e00, L_0x6026b39d7ea0, C4<1>, C4<1>;
v0x6026b39c4db0_0 .net "a", 0 0, L_0x6026b39d7e00;  1 drivers
v0x6026b39c4e90_0 .net "b", 0 0, L_0x6026b39d7ea0;  1 drivers
v0x6026b39c4f50_0 .net "y", 0 0, L_0x6026b39d7d90;  1 drivers
S_0x6026b39c50a0 .scope module, "g4" "and2" 3 62, 3 3 0, S_0x6026b39bca30;
 .timescale -9 -12;
    .port_info 0 /INPUT 1 "a";
    .port_info 1 /INPUT 1 "b";
    .port_info 2 /OUTPUT 1 "y";
L_0x6026b39d7fe0 .functor AND 1, L_0x6026b39d8050, L_0x6026b39d8140, C4<1>, C4<1>;
v0x6026b39c52d0_0 .net "a", 0 0, L_0x6026b39d8050;  1 drivers
v0x6026b39c53b0_0 .net "b", 0 0, L_0x6026b39d8140;  1 drivers
v0x6026b39c5470_0 .net "y", 0 0, L_0x6026b39d7fe0;  1 drivers
S_0x6026b39c55c0 .scope module, "or_c1" "or2" 3 76, 3 23 0, S_0x6026b39bca30;
 .timescale -9 -12;
    .port_info 0 /INPUT 1 "a";
    .port_info 1 /INPUT 1 "b";
    .port_info 2 /OUTPUT 1 "y";
L_0x6026b39d96a0 .functor OR 1, L_0x6026b39d9710, L_0x6026b39d94f0, C4<0>, C4<0>;
v0x6026b39c57f0_0 .net "a", 0 0, L_0x6026b39d9710;  1 drivers
v0x6026b39c58d0_0 .net "b", 0 0, L_0x6026b39d94f0;  alias, 1 drivers
v0x6026b39c59c0_0 .net "y", 0 0, L_0x6026b39d96a0;  alias, 1 drivers
S_0x6026b39c5ad0 .scope module, "or_c2" "or3" 3 80, 3 27 0, S_0x6026b39bca30;
 .timescale -9 -12;
    .port_info 0 /INPUT 1 "a";
    .port_info 1 /INPUT 1 "b";
    .port_info 2 /INPUT 1 "c";
    .port_info 3 /OUTPUT 1 "y";
L_0x6026b39d9fb0 .functor OR 1, L_0x6026b39da090, L_0x6026b39d98d0, C4<0>, C4<0>;
L_0x6026b39da020 .functor OR 1, L_0x6026b39d9fb0, L_0x6026b39d9c70, C4<0>, C4<0>;
v0x6026b39c5ce0_0 .net *"_ivl_0", 0 0, L_0x6026b39d9fb0;  1 drivers
v0x6026b39c5dc0_0 .net "a", 0 0, L_0x6026b39da090;  1 drivers
v0x6026b39c5e80_0 .net "b", 0 0, L_0x6026b39d98d0;  alias, 1 drivers
v0x6026b39c5f80_0 .net "c", 0 0, L_0x6026b39d9c70;  alias, 1 drivers
v0x6026b39c6050_0 .net "y", 0 0, L_0x6026b39da020;  alias, 1 drivers
S_0x6026b39c6180 .scope module, "or_c3" "or4" 3 85, 3 31 0, S_0x6026b39bca30;
 .timescale -9 -12;
    .port_info 0 /INPUT 1 "a";
    .port_info 1 /INPUT 1 "b";
    .port_info 2 /INPUT 1 "c";
    .port_info 3 /INPUT 1 "d";
    .port_info 4 /OUTPUT 1 "y";
L_0x6026b39db070 .functor OR 1, L_0x6026b39db2e0, L_0x6026b39da130, C4<0>, C4<0>;
L_0x6026b39db0e0 .functor OR 1, L_0x6026b39db070, L_0x6026b39da4a0, C4<0>, C4<0>;
L_0x6026b39db1e0 .functor OR 1, L_0x6026b39db0e0, L_0x6026b39daca0, C4<0>, C4<0>;
v0x6026b39c6360_0 .net *"_ivl_0", 0 0, L_0x6026b39db070;  1 drivers
v0x6026b39c6460_0 .net *"_ivl_2", 0 0, L_0x6026b39db0e0;  1 drivers
v0x6026b39c6540_0 .net "a", 0 0, L_0x6026b39db2e0;  1 drivers
v0x6026b39c6610_0 .net "b", 0 0, L_0x6026b39da130;  alias, 1 drivers
v0x6026b39c66e0_0 .net "c", 0 0, L_0x6026b39da4a0;  alias, 1 drivers
v0x6026b39c67d0_0 .net "d", 0 0, L_0x6026b39daca0;  alias, 1 drivers
v0x6026b39c68a0_0 .net "y", 0 0, L_0x6026b39db1e0;  alias, 1 drivers
S_0x6026b39c69d0 .scope module, "or_c4" "or5" 3 91, 3 35 0, S_0x6026b39bca30;
 .timescale -9 -12;
    .port_info 0 /INPUT 1 "a";
    .port_info 1 /INPUT 1 "b";
    .port_info 2 /INPUT 1 "c";
    .port_info 3 /INPUT 1 "d";
    .port_info 4 /INPUT 1 "e";
    .port_info 5 /OUTPUT 1 "y";
L_0x6026b39dd000 .functor OR 1, L_0x6026b39dd370, L_0x6026b39db4c0, C4<0>, C4<0>;
L_0x6026b39dd070 .functor OR 1, L_0x6026b39dd000, L_0x6026b39db8d0, C4<0>, C4<0>;
L_0x6026b39dd170 .functor OR 1, L_0x6026b39dd070, L_0x6026b39dbef0, C4<0>, C4<0>;
L_0x6026b39dd270 .functor OR 1, L_0x6026b39dd170, L_0x6026b39dc850, C4<0>, C4<0>;
v0x6026b39c6c50_0 .net *"_ivl_0", 0 0, L_0x6026b39dd000;  1 drivers
v0x6026b39c6d50_0 .net *"_ivl_2", 0 0, L_0x6026b39dd070;  1 drivers
v0x6026b39c6e30_0 .net *"_ivl_4", 0 0, L_0x6026b39dd170;  1 drivers
v0x6026b39c6ef0_0 .net "a", 0 0, L_0x6026b39dd370;  1 drivers
v0x6026b39c6fb0_0 .net "b", 0 0, L_0x6026b39db4c0;  alias, 1 drivers
v0x6026b39c70a0_0 .net "c", 0 0, L_0x6026b39db8d0;  alias, 1 drivers
v0x6026b39c7170_0 .net "d", 0 0, L_0x6026b39dbef0;  alias, 1 drivers
v0x6026b39c7240_0 .net "e", 0 0, L_0x6026b39dc850;  alias, 1 drivers
v0x6026b39c7310_0 .net "y", 0 0, L_0x6026b39dd270;  alias, 1 drivers
S_0x6026b39c7410 .scope module, "or_cout" "or6" 3 98, 3 39 0, S_0x6026b39bca30;
 .timescale -9 -12;
    .port_info 0 /INPUT 1 "a";
    .port_info 1 /INPUT 1 "b";
    .port_info 2 /INPUT 1 "c";
    .port_info 3 /INPUT 1 "d";
    .port_info 4 /INPUT 1 "e";
    .port_info 5 /INPUT 1 "f";
    .port_info 6 /OUTPUT 1 "y";
L_0x6026b39e0750 .functor OR 1, L_0x6026b39e0c50, L_0x6026b39dd5c0, C4<0>, C4<0>;
L_0x6026b39e0850 .functor OR 1, L_0x6026b39e0750, L_0x6026b39dda40, C4<0>, C4<0>;
L_0x6026b39e0950 .functor OR 1, L_0x6026b39e0850, L_0x6026b39de0d0, C4<0>, C4<0>;
L_0x6026b39e0a50 .functor OR 1, L_0x6026b39e0950, L_0x6026b39deb10, C4<0>, C4<0>;
L_0x6026b39e0b50 .functor OR 1, L_0x6026b39e0a50, L_0x6026b39df960, C4<0>, C4<0>;
v0x6026b39c7650_0 .net *"_ivl_0", 0 0, L_0x6026b39e0750;  1 drivers
v0x6026b39c7750_0 .net *"_ivl_2", 0 0, L_0x6026b39e0850;  1 drivers
v0x6026b39c7830_0 .net *"_ivl_4", 0 0, L_0x6026b39e0950;  1 drivers
v0x6026b39c7920_0 .net *"_ivl_6", 0 0, L_0x6026b39e0a50;  1 drivers
v0x6026b39c7a00_0 .net "a", 0 0, L_0x6026b39e0c50;  1 drivers
v0x6026b39c7b10_0 .net "b", 0 0, L_0x6026b39dd5c0;  alias, 1 drivers
v0x6026b39c7bb0_0 .net "c", 0 0, L_0x6026b39dda40;  alias, 1 drivers
v0x6026b39c7c80_0 .net "d", 0 0, L_0x6026b39de0d0;  alias, 1 drivers
v0x6026b39c7d50_0 .net "e", 0 0, L_0x6026b39deb10;  alias, 1 drivers
v0x6026b39c7eb0_0 .net "f", 0 0, L_0x6026b39df960;  alias, 1 drivers
v0x6026b39c7f80_0 .net "y", 0 0, L_0x6026b39e0b50;  alias, 1 drivers
S_0x6026b39c80c0 .scope module, "p0" "xor2" 3 64, 3 43 0, S_0x6026b39bca30;
 .timescale -9 -12;
    .port_info 0 /INPUT 1 "a";
    .port_info 1 /INPUT 1 "b";
    .port_info 2 /OUTPUT 1 "y";
L_0x6026b39d8470 .functor XOR 1, L_0x6026b39d84e0, L_0x6026b39d8640, C4<0>, C4<0>;
v0x6026b39c82c0_0 .net "a", 0 0, L_0x6026b39d84e0;  1 drivers
v0x6026b39c83a0_0 .net "b", 0 0, L_0x6026b39d8640;  1 drivers
v0x6026b39c8460_0 .net "y", 0 0, L_0x6026b39d8470;  1 drivers
S_0x6026b39c85b0 .scope module, "p1" "xor2" 3 65, 3 43 0, S_0x6026b39bca30;
 .timescale -9 -12;
    .port_info 0 /INPUT 1 "a";
    .port_info 1 /INPUT 1 "b";
    .port_info 2 /OUTPUT 1 "y";
L_0x6026b39d8730 .functor XOR 1, L_0x6026b39d87a0, L_0x6026b39d8910, C4<0>, C4<0>;
v0x6026b39c87e0_0 .net "a", 0 0, L_0x6026b39d87a0;  1 drivers
v0x6026b39c88c0_0 .net "b", 0 0, L_0x6026b39d8910;  1 drivers
v0x6026b39c8980_0 .net "y", 0 0, L_0x6026b39d8730;  1 drivers
S_0x6026b39c8ad0 .scope module, "p2" "xor2" 3 66, 3 43 0, S_0x6026b39bca30;
 .timescale -9 -12;
    .port_info 0 /INPUT 1 "a";
    .port_info 1 /INPUT 1 "b";
    .port_info 2 /OUTPUT 1 "y";
L_0x6026b39d85d0 .functor XOR 1, L_0x6026b39d8a00, L_0x6026b39d8b80, C4<0>, C4<0>;
v0x6026b39c8d00_0 .net "a", 0 0, L_0x6026b39d8a00;  1 drivers
v0x6026b39c8de0_0 .net "b", 0 0, L_0x6026b39d8b80;  1 drivers
v0x6026b39c8ea0_0 .net "y", 0 0, L_0x6026b39d85d0;  1 drivers
S_0x6026b39c8ff0 .scope module, "p3" "xor2" 3 67, 3 43 0, S_0x6026b39bca30;
 .timescale -9 -12;
    .port_info 0 /INPUT 1 "a";
    .port_info 1 /INPUT 1 "b";
    .port_info 2 /OUTPUT 1 "y";
L_0x6026b39d8c70 .functor XOR 1, L_0x6026b39d8ce0, L_0x6026b39d8e70, C4<0>, C4<0>;
v0x6026b39c9220_0 .net "a", 0 0, L_0x6026b39d8ce0;  1 drivers
v0x6026b39c9300_0 .net "b", 0 0, L_0x6026b39d8e70;  1 drivers
v0x6026b39c93c0_0 .net "y", 0 0, L_0x6026b39d8c70;  1 drivers
S_0x6026b39c9510 .scope module, "p4" "xor2" 3 68, 3 43 0, S_0x6026b39bca30;
 .timescale -9 -12;
    .port_info 0 /INPUT 1 "a";
    .port_info 1 /INPUT 1 "b";
    .port_info 2 /OUTPUT 1 "y";
L_0x6026b39d8f60 .functor XOR 1, L_0x6026b39d8fd0, L_0x6026b39d8dd0, C4<0>, C4<0>;
v0x6026b39c9740_0 .net "a", 0 0, L_0x6026b39d8fd0;  1 drivers
v0x6026b39c9820_0 .net "b", 0 0, L_0x6026b39d8dd0;  1 drivers
v0x6026b39c98e0_0 .net "y", 0 0, L_0x6026b39d8f60;  1 drivers
S_0x6026b39c9a30 .scope module, "sum0" "xor2" 3 100, 3 43 0, S_0x6026b39bca30;
 .timescale -9 -12;
    .port_info 0 /INPUT 1 "a";
    .port_info 1 /INPUT 1 "b";
    .port_info 2 /OUTPUT 1 "y";
L_0x6026b39e0f40 .functor XOR 1, L_0x6026b39e0fb0, v0x6026b39ccd80_0, C4<0>, C4<0>;
v0x6026b39c9c60_0 .net "a", 0 0, L_0x6026b39e0fb0;  1 drivers
v0x6026b39c9d40_0 .net "b", 0 0, v0x6026b39ccd80_0;  alias, 1 drivers
v0x6026b39c9e00_0 .net "y", 0 0, L_0x6026b39e0f40;  1 drivers
S_0x6026b39c9f30 .scope module, "sum1" "xor2" 3 101, 3 43 0, S_0x6026b39bca30;
 .timescale -9 -12;
    .port_info 0 /INPUT 1 "a";
    .port_info 1 /INPUT 1 "b";
    .port_info 2 /OUTPUT 1 "y";
L_0x6026b39e10a0 .functor XOR 1, L_0x6026b39e11a0, L_0x6026b39d96a0, C4<0>, C4<0>;
v0x6026b39ca160_0 .net "a", 0 0, L_0x6026b39e11a0;  1 drivers
v0x6026b39ca240_0 .net "b", 0 0, L_0x6026b39d96a0;  alias, 1 drivers
v0x6026b39ca330_0 .net "y", 0 0, L_0x6026b39e10a0;  1 drivers
S_0x6026b39ca440 .scope module, "sum2" "xor2" 3 102, 3 43 0, S_0x6026b39bca30;
 .timescale -9 -12;
    .port_info 0 /INPUT 1 "a";
    .port_info 1 /INPUT 1 "b";
    .port_info 2 /OUTPUT 1 "y";
L_0x6026b39e14a0 .functor XOR 1, L_0x6026b39e15a0, L_0x6026b39da020, C4<0>, C4<0>;
v0x6026b39ca670_0 .net "a", 0 0, L_0x6026b39e15a0;  1 drivers
v0x6026b39ca750_0 .net "b", 0 0, L_0x6026b39da020;  alias, 1 drivers
v0x6026b39ca840_0 .net "y", 0 0, L_0x6026b39e14a0;  1 drivers
S_0x6026b39ca950 .scope module, "sum3" "xor2" 3 103, 3 43 0, S_0x6026b39bca30;
 .timescale -9 -12;
    .port_info 0 /INPUT 1 "a";
    .port_info 1 /INPUT 1 "b";
    .port_info 2 /OUTPUT 1 "y";
L_0x6026b39e1640 .functor XOR 1, L_0x6026b39e1740, L_0x6026b39db1e0, C4<0>, C4<0>;
v0x6026b39cab80_0 .net "a", 0 0, L_0x6026b39e1740;  1 drivers
v0x6026b39cac60_0 .net "b", 0 0, L_0x6026b39db1e0;  alias, 1 drivers
v0x6026b39cad50_0 .net "y", 0 0, L_0x6026b39e1640;  1 drivers
S_0x6026b39cae60 .scope module, "sum4" "xor2" 3 104, 3 43 0, S_0x6026b39bca30;
 .timescale -9 -12;
    .port_info 0 /INPUT 1 "a";
    .port_info 1 /INPUT 1 "b";
    .port_info 2 /OUTPUT 1 "y";
L_0x6026b39e1a50 .functor XOR 1, L_0x6026b39e1b50, L_0x6026b39dd270, C4<0>, C4<0>;
v0x6026b39cb090_0 .net "a", 0 0, L_0x6026b39e1b50;  1 drivers
v0x6026b39cb170_0 .net "b", 0 0, L_0x6026b39dd270;  alias, 1 drivers
v0x6026b39cb260_0 .net "y", 0 0, L_0x6026b39e1a50;  1 drivers
    .scope S_0x6026b39a3ca0;
T_0 ;
    %pushi/vec4 0, 0, 1;
    %store/vec4 v0x6026b39cd000_0, 0, 1;
    %end;
    .thread T_0;
    .scope S_0x6026b39a3ca0;
T_1 ;
    %delay 5000, 0;
    %load/vec4 v0x6026b39cd000_0;
    %inv;
    %store/vec4 v0x6026b39cd000_0, 0, 1;
    %jmp T_1;
    .thread T_1;
    .scope S_0x6026b39a3ca0;
T_2 ;
    %vpi_call 3 125 "$dumpfile", "waveforms.vcd" {0 0 0};
    %vpi_call 3 126 "$dumpvars", 32'sb00000000000000000000000000000000, S_0x6026b39a3ca0 {0 0 0};
    %end;
    .thread T_2;
    .scope S_0x6026b39a3ca0;
T_3 ;
    %vpi_call 3 130 "$display", " time | Cin |   A   |   B   |  Sum  | Cout" {0 0 0};
    %vpi_call 3 131 "$monitor", "%5t |  %b  | %02d  | %02d  |  %02d   |  %b", $time, v0x6026b39ccd80_0, v0x6026b39ccc00_0, v0x6026b39ccce0_0, v0x6026b39ccf10_0, v0x6026b39cce20_0 {0 0 0};
    %end;
    .thread T_3;
    .scope S_0x6026b39a3ca0;
T_4 ;
    %pushi/vec4 0, 0, 1;
    %store/vec4 v0x6026b39ccd80_0, 0, 1;
    %pushi/vec4 0, 0, 5;
    %store/vec4 v0x6026b39ccc00_0, 0, 5;
    %pushi/vec4 1, 0, 5;
    %store/vec4 v0x6026b39ccce0_0, 0, 5;
    %pushi/vec4 4, 0, 32;
T_4.0 %dup/vec4;
    %pushi/vec4 0, 0, 32;
    %cmp/s;
    %jmp/1xz T_4.1, 5;
    %jmp/1 T_4.1, 4;
    %pushi/vec4 1, 0, 32;
    %sub;
    %wait E_0x6026b3936350;
    %jmp T_4.0;
T_4.1 ;
    %pop/vec4 1;
    %pushi/vec4 2, 0, 5;
    %store/vec4 v0x6026b39ccc00_0, 0, 5;
    %pushi/vec4 3, 0, 5;
    %store/vec4 v0x6026b39ccce0_0, 0, 5;
    %pushi/vec4 4, 0, 32;
T_4.2 %dup/vec4;
    %pushi/vec4 0, 0, 32;
    %cmp/s;
    %jmp/1xz T_4.3, 5;
    %jmp/1 T_4.3, 4;
    %pushi/vec4 1, 0, 32;
    %sub;
    %wait E_0x6026b3936350;
    %jmp T_4.2;
T_4.3 ;
    %pop/vec4 1;
    %pushi/vec4 4, 0, 5;
    %store/vec4 v0x6026b39ccc00_0, 0, 5;
    %pushi/vec4 5, 0, 5;
    %store/vec4 v0x6026b39ccce0_0, 0, 5;
    %pushi/vec4 4, 0, 32;
T_4.4 %dup/vec4;
    %pushi/vec4 0, 0, 32;
    %cmp/s;
    %jmp/1xz T_4.5, 5;
    %jmp/1 T_4.5, 4;
    %pushi/vec4 1, 0, 32;
    %sub;
    %wait E_0x6026b3936350;
    %jmp T_4.4;
T_4.5 ;
    %pop/vec4 1;
    %pushi/vec4 8, 0, 5;
    %store/vec4 v0x6026b39ccc00_0, 0, 5;
    %pushi/vec4 9, 0, 5;
    %store/vec4 v0x6026b39ccce0_0, 0, 5;
    %pushi/vec4 4, 0, 32;
T_4.6 %dup/vec4;
    %pushi/vec4 0, 0, 32;
    %cmp/s;
    %jmp/1xz T_4.7, 5;
    %jmp/1 T_4.7, 4;
    %pushi/vec4 1, 0, 32;
    %sub;
    %wait E_0x6026b3936350;
    %jmp T_4.6;
T_4.7 ;
    %pop/vec4 1;
    %pushi/vec4 16, 0, 5;
    %store/vec4 v0x6026b39ccc00_0, 0, 5;
    %pushi/vec4 17, 0, 5;
    %store/vec4 v0x6026b39ccce0_0, 0, 5;
    %pushi/vec4 4, 0, 32;
T_4.8 %dup/vec4;
    %pushi/vec4 0, 0, 32;
    %cmp/s;
    %jmp/1xz T_4.9, 5;
    %jmp/1 T_4.9, 4;
    %pushi/vec4 1, 0, 32;
    %sub;
    %wait E_0x6026b3936350;
    %jmp T_4.8;
T_4.9 ;
    %pop/vec4 1;
    %pushi/vec4 1, 0, 1;
    %store/vec4 v0x6026b39ccd80_0, 0, 1;
    %pushi/vec4 21, 0, 5;
    %store/vec4 v0x6026b39ccc00_0, 0, 5;
    %pushi/vec4 14, 0, 5;
    %store/vec4 v0x6026b39ccce0_0, 0, 5;
    %pushi/vec4 4, 0, 32;
T_4.10 %dup/vec4;
    %pushi/vec4 0, 0, 32;
    %cmp/s;
    %jmp/1xz T_4.11, 5;
    %jmp/1 T_4.11, 4;
    %pushi/vec4 1, 0, 32;
    %sub;
    %wait E_0x6026b3936350;
    %jmp T_4.10;
T_4.11 ;
    %pop/vec4 1;
    %pushi/vec4 0, 0, 1;
    %store/vec4 v0x6026b39ccd80_0, 0, 1;
    %pushi/vec4 28, 0, 5;
    %store/vec4 v0x6026b39ccc00_0, 0, 5;
    %pushi/vec4 3, 0, 5;
    %store/vec4 v0x6026b39ccce0_0, 0, 5;
    %pushi/vec4 4, 0, 32;
T_4.12 %dup/vec4;
    %pushi/vec4 0, 0, 32;
    %cmp/s;
    %jmp/1xz T_4.13, 5;
    %jmp/1 T_4.13, 4;
    %pushi/vec4 1, 0, 32;
    %sub;
    %wait E_0x6026b3936350;
    %jmp T_4.12;
T_4.13 ;
    %pop/vec4 1;
    %pushi/vec4 1, 0, 1;
    %store/vec4 v0x6026b39ccd80_0, 0, 1;
    %pushi/vec4 7, 0, 5;
    %store/vec4 v0x6026b39ccc00_0, 0, 5;
    %pushi/vec4 24, 0, 5;
    %store/vec4 v0x6026b39ccce0_0, 0, 5;
    %pushi/vec4 4, 0, 32;
T_4.14 %dup/vec4;
    %pushi/vec4 0, 0, 32;
    %cmp/s;
    %jmp/1xz T_4.15, 5;
    %jmp/1 T_4.15, 4;
    %pushi/vec4 1, 0, 32;
    %sub;
    %wait E_0x6026b3936350;
    %jmp T_4.14;
T_4.15 ;
    %pop/vec4 1;
    %vpi_call 3 152 "$finish" {0 0 0};
    %end;
    .thread T_4;
# The file index is used to find the file name in the following table.
:file_names 4;
    "N/A";
    "<interactive>";
    "cla.v";
    "cla_tb.v";
